CRITICAL - 2021-06-06 08:12:26 --> Array to string conversion
#0 C:\xampp\htdocs\planmynight\app\Views\signupPage.php(103): CodeIgniter\Debug\Exceptions->errorHandler(2, 'Array to string...', 'C:\\xampp\\htdocs...', 103)
#1 C:\xampp\htdocs\planmynight\vendor\codeigniter4\framework\system\View\View.php(230): include('C:\\xampp\\htdocs...')
#2 C:\xampp\htdocs\planmynight\vendor\codeigniter4\framework\system\View\View.php(232): CodeIgniter\View\View->CodeIgniter\View\{closure}()
#3 C:\xampp\htdocs\planmynight\vendor\codeigniter4\framework\system\Common.php(1250): CodeIgniter\View\View->render('signupPage', Array, true)
#4 C:\xampp\htdocs\planmynight\app\Controllers\SignUp.php(24): view('signupPage', Array)
#5 C:\xampp\htdocs\planmynight\vendor\codeigniter4\framework\system\CodeIgniter.php(931): App\Controllers\SignUp->submit()
#6 C:\xampp\htdocs\planmynight\vendor\codeigniter4\framework\system\CodeIgniter.php(439): CodeIgniter\CodeIgniter->runController(Object(App\Controllers\SignUp))
#7 C:\xampp\htdocs\planmynight\vendor\codeigniter4\framework\system\CodeIgniter.php(339): CodeIgniter\CodeIgniter->handleRequest(NULL, Object(Config\Cache), false)
#8 C:\xampp\htdocs\planmynight\public\index.php(36): CodeIgniter\CodeIgniter->run()
#9 C:\xampp\htdocs\planmynight\vendor\codeigniter4\framework\system\Commands\Server\rewrite.php(45): require_once('C:\\xampp\\htdocs...')
#10 {main}
CRITICAL - 2021-06-06 08:12:49 --> Array to string conversion
#0 C:\xampp\htdocs\planmynight\app\Views\signupPage.php(103): CodeIgniter\Debug\Exceptions->errorHandler(2, 'Array to string...', 'C:\\xampp\\htdocs...', 103)
#1 C:\xampp\htdocs\planmynight\vendor\codeigniter4\framework\system\View\View.php(230): include('C:\\xampp\\htdocs...')
#2 C:\xampp\htdocs\planmynight\vendor\codeigniter4\framework\system\View\View.php(232): CodeIgniter\View\View->CodeIgniter\View\{closure}()
#3 C:\xampp\htdocs\planmynight\vendor\codeigniter4\framework\system\Common.php(1250): CodeIgniter\View\View->render('signupPage', Array, true)
#4 C:\xampp\htdocs\planmynight\app\Controllers\SignUp.php(24): view('signupPage', Array)
#5 C:\xampp\htdocs\planmynight\vendor\codeigniter4\framework\system\CodeIgniter.php(931): App\Controllers\SignUp->submit()
#6 C:\xampp\htdocs\planmynight\vendor\codeigniter4\framework\system\CodeIgniter.php(439): CodeIgniter\CodeIgniter->runController(Object(App\Controllers\SignUp))
#7 C:\xampp\htdocs\planmynight\vendor\codeigniter4\framework\system\CodeIgniter.php(339): CodeIgniter\CodeIgniter->handleRequest(NULL, Object(Config\Cache), false)
#8 C:\xampp\htdocs\planmynight\public\index.php(36): CodeIgniter\CodeIgniter->run()
#9 C:\xampp\htdocs\planmynight\vendor\codeigniter4\framework\system\Commands\Server\rewrite.php(45): require_once('C:\\xampp\\htdocs...')
#10 {main}
CRITICAL - 2021-06-06 08:15:04 --> Array to string conversion
#0 C:\xampp\htdocs\planmynight\app\Views\signupPage.php(103): CodeIgniter\Debug\Exceptions->errorHandler(2, 'Array to string...', 'C:\\xampp\\htdocs...', 103)
#1 C:\xampp\htdocs\planmynight\vendor\codeigniter4\framework\system\View\View.php(230): include('C:\\xampp\\htdocs...')
#2 C:\xampp\htdocs\planmynight\vendor\codeigniter4\framework\system\View\View.php(232): CodeIgniter\View\View->CodeIgniter\View\{closure}()
#3 C:\xampp\htdocs\planmynight\vendor\codeigniter4\framework\system\Common.php(1250): CodeIgniter\View\View->render('signupPage', Array, true)
#4 C:\xampp\htdocs\planmynight\app\Controllers\SignUp.php(24): view('signupPage', Array)
#5 C:\xampp\htdocs\planmynight\vendor\codeigniter4\framework\system\CodeIgniter.php(931): App\Controllers\SignUp->submit()
#6 C:\xampp\htdocs\planmynight\vendor\codeigniter4\framework\system\CodeIgniter.php(439): CodeIgniter\CodeIgniter->runController(Object(App\Controllers\SignUp))
#7 C:\xampp\htdocs\planmynight\vendor\codeigniter4\framework\system\CodeIgniter.php(339): CodeIgniter\CodeIgniter->handleRequest(NULL, Object(Config\Cache), false)
#8 C:\xampp\htdocs\planmynight\public\index.php(36): CodeIgniter\CodeIgniter->run()
#9 C:\xampp\htdocs\planmynight\vendor\codeigniter4\framework\system\Commands\Server\rewrite.php(45): require_once('C:\\xampp\\htdocs...')
#10 {main}
CRITICAL - 2021-06-06 08:15:17 --> Array to string conversion
#0 C:\xampp\htdocs\planmynight\app\Views\signupPage.php(103): CodeIgniter\Debug\Exceptions->errorHandler(2, 'Array to string...', 'C:\\xampp\\htdocs...', 103)
#1 C:\xampp\htdocs\planmynight\vendor\codeigniter4\framework\system\View\View.php(230): include('C:\\xampp\\htdocs...')
#2 C:\xampp\htdocs\planmynight\vendor\codeigniter4\framework\system\View\View.php(232): CodeIgniter\View\View->CodeIgniter\View\{closure}()
#3 C:\xampp\htdocs\planmynight\vendor\codeigniter4\framework\system\Common.php(1250): CodeIgniter\View\View->render('signupPage', Array, true)
#4 C:\xampp\htdocs\planmynight\app\Controllers\SignUp.php(24): view('signupPage', Array)
#5 C:\xampp\htdocs\planmynight\vendor\codeigniter4\framework\system\CodeIgniter.php(931): App\Controllers\SignUp->submit()
#6 C:\xampp\htdocs\planmynight\vendor\codeigniter4\framework\system\CodeIgniter.php(439): CodeIgniter\CodeIgniter->runController(Object(App\Controllers\SignUp))
#7 C:\xampp\htdocs\planmynight\vendor\codeigniter4\framework\system\CodeIgniter.php(339): CodeIgniter\CodeIgniter->handleRequest(NULL, Object(Config\Cache), false)
#8 C:\xampp\htdocs\planmynight\public\index.php(36): CodeIgniter\CodeIgniter->run()
#9 C:\xampp\htdocs\planmynight\vendor\codeigniter4\framework\system\Commands\Server\rewrite.php(45): require_once('C:\\xampp\\htdocs...')
#10 {main}
CRITICAL - 2021-06-06 08:23:45 --> Undefined array key ""
#0 C:\xampp\htdocs\planmynight\app\Views\signupPage.php(96): CodeIgniter\Debug\Exceptions->errorHandler(2, 'Undefined array...', 'C:\\xampp\\htdocs...', 96)
#1 C:\xampp\htdocs\planmynight\vendor\codeigniter4\framework\system\View\View.php(230): include('C:\\xampp\\htdocs...')
#2 C:\xampp\htdocs\planmynight\vendor\codeigniter4\framework\system\View\View.php(232): CodeIgniter\View\View->CodeIgniter\View\{closure}()
#3 C:\xampp\htdocs\planmynight\vendor\codeigniter4\framework\system\Common.php(1250): CodeIgniter\View\View->render('signupPage', Array, true)
#4 C:\xampp\htdocs\planmynight\app\Controllers\SignUp.php(24): view('signupPage', Array)
#5 C:\xampp\htdocs\planmynight\vendor\codeigniter4\framework\system\CodeIgniter.php(931): App\Controllers\SignUp->submit()
#6 C:\xampp\htdocs\planmynight\vendor\codeigniter4\framework\system\CodeIgniter.php(439): CodeIgniter\CodeIgniter->runController(Object(App\Controllers\SignUp))
#7 C:\xampp\htdocs\planmynight\vendor\codeigniter4\framework\system\CodeIgniter.php(339): CodeIgniter\CodeIgniter->handleRequest(NULL, Object(Config\Cache), false)
#8 C:\xampp\htdocs\planmynight\public\index.php(36): CodeIgniter\CodeIgniter->run()
#9 C:\xampp\htdocs\planmynight\vendor\codeigniter4\framework\system\Commands\Server\rewrite.php(45): require_once('C:\\xampp\\htdocs...')
#10 {main}
CRITICAL - 2021-06-06 08:23:50 --> Undefined array key ""
#0 C:\xampp\htdocs\planmynight\app\Views\signupPage.php(96): CodeIgniter\Debug\Exceptions->errorHandler(2, 'Undefined array...', 'C:\\xampp\\htdocs...', 96)
#1 C:\xampp\htdocs\planmynight\vendor\codeigniter4\framework\system\View\View.php(230): include('C:\\xampp\\htdocs...')
#2 C:\xampp\htdocs\planmynight\vendor\codeigniter4\framework\system\View\View.php(232): CodeIgniter\View\View->CodeIgniter\View\{closure}()
#3 C:\xampp\htdocs\planmynight\vendor\codeigniter4\framework\system\Common.php(1250): CodeIgniter\View\View->render('signupPage', Array, true)
#4 C:\xampp\htdocs\planmynight\app\Controllers\SignUp.php(24): view('signupPage', Array)
#5 C:\xampp\htdocs\planmynight\vendor\codeigniter4\framework\system\CodeIgniter.php(931): App\Controllers\SignUp->submit()
#6 C:\xampp\htdocs\planmynight\vendor\codeigniter4\framework\system\CodeIgniter.php(439): CodeIgniter\CodeIgniter->runController(Object(App\Controllers\SignUp))
#7 C:\xampp\htdocs\planmynight\vendor\codeigniter4\framework\system\CodeIgniter.php(339): CodeIgniter\CodeIgniter->handleRequest(NULL, Object(Config\Cache), false)
#8 C:\xampp\htdocs\planmynight\public\index.php(36): CodeIgniter\CodeIgniter->run()
#9 C:\xampp\htdocs\planmynight\vendor\codeigniter4\framework\system\Commands\Server\rewrite.php(45): require_once('C:\\xampp\\htdocs...')
#10 {main}
CRITICAL - 2021-06-06 08:24:54 --> Undefined array key "name"
#0 C:\xampp\htdocs\planmynight\app\Views\signupPage.php(96): CodeIgniter\Debug\Exceptions->errorHandler(2, 'Undefined array...', 'C:\\xampp\\htdocs...', 96)
#1 C:\xampp\htdocs\planmynight\vendor\codeigniter4\framework\system\View\View.php(230): include('C:\\xampp\\htdocs...')
#2 C:\xampp\htdocs\planmynight\vendor\codeigniter4\framework\system\View\View.php(232): CodeIgniter\View\View->CodeIgniter\View\{closure}()
#3 C:\xampp\htdocs\planmynight\vendor\codeigniter4\framework\system\Common.php(1250): CodeIgniter\View\View->render('signupPage', Array, true)
#4 C:\xampp\htdocs\planmynight\app\Controllers\SignUp.php(24): view('signupPage', Array)
#5 C:\xampp\htdocs\planmynight\vendor\codeigniter4\framework\system\CodeIgniter.php(931): App\Controllers\SignUp->submit()
#6 C:\xampp\htdocs\planmynight\vendor\codeigniter4\framework\system\CodeIgniter.php(439): CodeIgniter\CodeIgniter->runController(Object(App\Controllers\SignUp))
#7 C:\xampp\htdocs\planmynight\vendor\codeigniter4\framework\system\CodeIgniter.php(339): CodeIgniter\CodeIgniter->handleRequest(NULL, Object(Config\Cache), false)
#8 C:\xampp\htdocs\planmynight\public\index.php(36): CodeIgniter\CodeIgniter->run()
#9 C:\xampp\htdocs\planmynight\vendor\codeigniter4\framework\system\Commands\Server\rewrite.php(45): require_once('C:\\xampp\\htdocs...')
#10 {main}
CRITICAL - 2021-06-06 08:38:41 --> syntax error, unexpected token "echo"
#0 C:\xampp\htdocs\planmynight\vendor\codeigniter4\framework\system\View\View.php(232): CodeIgniter\View\View->CodeIgniter\View\{closure}()
#1 C:\xampp\htdocs\planmynight\vendor\codeigniter4\framework\system\Common.php(1250): CodeIgniter\View\View->render('signupPage', Array, true)
#2 C:\xampp\htdocs\planmynight\app\Controllers\SignUp.php(10): view('signupPage')
#3 C:\xampp\htdocs\planmynight\vendor\codeigniter4\framework\system\CodeIgniter.php(931): App\Controllers\SignUp->index()
#4 C:\xampp\htdocs\planmynight\vendor\codeigniter4\framework\system\CodeIgniter.php(439): CodeIgniter\CodeIgniter->runController(Object(App\Controllers\SignUp))
#5 C:\xampp\htdocs\planmynight\vendor\codeigniter4\framework\system\CodeIgniter.php(339): CodeIgniter\CodeIgniter->handleRequest(NULL, Object(Config\Cache), false)
#6 C:\xampp\htdocs\planmynight\public\index.php(36): CodeIgniter\CodeIgniter->run()
#7 C:\xampp\htdocs\planmynight\vendor\codeigniter4\framework\system\Commands\Server\rewrite.php(45): require_once('C:\\xampp\\htdocs...')
#8 {main}
CRITICAL - 2021-06-06 08:47:32 --> An exception occurred while executing 'INSERT INTO user (name, surname, username, password, email, role) VALUES (?, ?, ?, ?, ?, ?)' with params ["Filip", "Andric", "filipandric", "adminnnnn", "andricfilip2000@gmail.com", 0]:

Duplicate entry 'filipandric' for key 'username_UNIQUE'
#0 C:\xampp\htdocs\planmynight\vendor\doctrine\dbal\lib\Doctrine\DBAL\DBALException.php(182): Doctrine\DBAL\Driver\AbstractMySQLDriver->convertException('An exception oc...', Object(Doctrine\DBAL\Driver\Mysqli\Exception\StatementError))
#1 C:\xampp\htdocs\planmynight\vendor\doctrine\dbal\lib\Doctrine\DBAL\DBALException.php(159): Doctrine\DBAL\DBALException::wrapException(Object(Doctrine\DBAL\Driver\Mysqli\Driver), Object(Doctrine\DBAL\Driver\Mysqli\Exception\StatementError), 'An exception oc...')
#2 C:\xampp\htdocs\planmynight\vendor\doctrine\dbal\lib\Doctrine\DBAL\Connection.php(2214): Doctrine\DBAL\DBALException::driverExceptionDuringQuery(Object(Doctrine\DBAL\Driver\Mysqli\Driver), Object(Doctrine\DBAL\Driver\Mysqli\Exception\StatementError), 'INSERT INTO use...', Array)
#3 C:\xampp\htdocs\planmynight\vendor\doctrine\dbal\lib\Doctrine\DBAL\Statement.php(183): Doctrine\DBAL\Connection->handleExceptionDuringQuery(Object(Doctrine\DBAL\Driver\Mysqli\Exception\StatementError), 'INSERT INTO use...', Array, Array)
#4 C:\xampp\htdocs\planmynight\vendor\doctrine\orm\lib\Doctrine\ORM\Persisters\Entity\BasicEntityPersister.php(287): Doctrine\DBAL\Statement->execute()
#5 C:\xampp\htdocs\planmynight\vendor\doctrine\orm\lib\Doctrine\ORM\UnitOfWork.php(1122): Doctrine\ORM\Persisters\Entity\BasicEntityPersister->executeInserts()
#6 C:\xampp\htdocs\planmynight\vendor\doctrine\orm\lib\Doctrine\ORM\UnitOfWork.php(423): Doctrine\ORM\UnitOfWork->executeInserts(Object(Doctrine\ORM\Mapping\ClassMetadata))
#7 C:\xampp\htdocs\planmynight\vendor\doctrine\orm\lib\Doctrine\ORM\EntityManager.php(378): Doctrine\ORM\UnitOfWork->commit(NULL)
#8 C:\xampp\htdocs\planmynight\app\Controllers\SignUp.php(46): Doctrine\ORM\EntityManager->flush()
#9 C:\xampp\htdocs\planmynight\vendor\codeigniter4\framework\system\CodeIgniter.php(931): App\Controllers\SignUp->submit()
#10 C:\xampp\htdocs\planmynight\vendor\codeigniter4\framework\system\CodeIgniter.php(439): CodeIgniter\CodeIgniter->runController(Object(App\Controllers\SignUp))
#11 C:\xampp\htdocs\planmynight\vendor\codeigniter4\framework\system\CodeIgniter.php(339): CodeIgniter\CodeIgniter->handleRequest(NULL, Object(Config\Cache), false)
#12 C:\xampp\htdocs\planmynight\public\index.php(36): CodeIgniter\CodeIgniter->run()
#13 C:\xampp\htdocs\planmynight\vendor\codeigniter4\framework\system\Commands\Server\rewrite.php(45): require_once('C:\\xampp\\htdocs...')
#14 {main}
CRITICAL - 2021-06-06 08:51:02 --> An exception occurred while executing 'INSERT INTO user (name, surname, username, password, email, role) VALUES (?, ?, ?, ?, ?, ?)' with params ["Jovan", "Ivkovic", "jovanivkovic", "adminadmin", "jovanivko@gmail.com", 0]:

Duplicate entry 'jovanivkovic' for key 'username_UNIQUE'
#0 C:\xampp\htdocs\planmynight\vendor\doctrine\dbal\lib\Doctrine\DBAL\DBALException.php(182): Doctrine\DBAL\Driver\AbstractMySQLDriver->convertException('An exception oc...', Object(Doctrine\DBAL\Driver\Mysqli\Exception\StatementError))
#1 C:\xampp\htdocs\planmynight\vendor\doctrine\dbal\lib\Doctrine\DBAL\DBALException.php(159): Doctrine\DBAL\DBALException::wrapException(Object(Doctrine\DBAL\Driver\Mysqli\Driver), Object(Doctrine\DBAL\Driver\Mysqli\Exception\StatementError), 'An exception oc...')
#2 C:\xampp\htdocs\planmynight\vendor\doctrine\dbal\lib\Doctrine\DBAL\Connection.php(2214): Doctrine\DBAL\DBALException::driverExceptionDuringQuery(Object(Doctrine\DBAL\Driver\Mysqli\Driver), Object(Doctrine\DBAL\Driver\Mysqli\Exception\StatementError), 'INSERT INTO use...', Array)
#3 C:\xampp\htdocs\planmynight\vendor\doctrine\dbal\lib\Doctrine\DBAL\Statement.php(183): Doctrine\DBAL\Connection->handleExceptionDuringQuery(Object(Doctrine\DBAL\Driver\Mysqli\Exception\StatementError), 'INSERT INTO use...', Array, Array)
#4 C:\xampp\htdocs\planmynight\vendor\doctrine\orm\lib\Doctrine\ORM\Persisters\Entity\BasicEntityPersister.php(287): Doctrine\DBAL\Statement->execute()
#5 C:\xampp\htdocs\planmynight\vendor\doctrine\orm\lib\Doctrine\ORM\UnitOfWork.php(1122): Doctrine\ORM\Persisters\Entity\BasicEntityPersister->executeInserts()
#6 C:\xampp\htdocs\planmynight\vendor\doctrine\orm\lib\Doctrine\ORM\UnitOfWork.php(423): Doctrine\ORM\UnitOfWork->executeInserts(Object(Doctrine\ORM\Mapping\ClassMetadata))
#7 C:\xampp\htdocs\planmynight\vendor\doctrine\orm\lib\Doctrine\ORM\EntityManager.php(378): Doctrine\ORM\UnitOfWork->commit(NULL)
#8 C:\xampp\htdocs\planmynight\app\Controllers\SignUp.php(46): Doctrine\ORM\EntityManager->flush()
#9 C:\xampp\htdocs\planmynight\vendor\codeigniter4\framework\system\CodeIgniter.php(931): App\Controllers\SignUp->submit()
#10 C:\xampp\htdocs\planmynight\vendor\codeigniter4\framework\system\CodeIgniter.php(439): CodeIgniter\CodeIgniter->runController(Object(App\Controllers\SignUp))
#11 C:\xampp\htdocs\planmynight\vendor\codeigniter4\framework\system\CodeIgniter.php(339): CodeIgniter\CodeIgniter->handleRequest(NULL, Object(Config\Cache), false)
#12 C:\xampp\htdocs\planmynight\public\index.php(36): CodeIgniter\CodeIgniter->run()
#13 C:\xampp\htdocs\planmynight\vendor\codeigniter4\framework\system\Commands\Server\rewrite.php(45): require_once('C:\\xampp\\htdocs...')
#14 {main}
CRITICAL - 2021-06-06 08:56:18 --> An exception occurred while executing 'INSERT INTO user (name, surname, username, password, email, role) VALUES (?, ?, ?, ?, ?, ?)' with params ["shdfbsj", "dhfsdjdsj", "filipandric", "asdasd", "andricfilip2000@gmail.com", 0]:

Duplicate entry 'filipandric' for key 'username_UNIQUE'
#0 C:\xampp\htdocs\planmynight\vendor\doctrine\dbal\lib\Doctrine\DBAL\DBALException.php(182): Doctrine\DBAL\Driver\AbstractMySQLDriver->convertException('An exception oc...', Object(Doctrine\DBAL\Driver\Mysqli\Exception\StatementError))
#1 C:\xampp\htdocs\planmynight\vendor\doctrine\dbal\lib\Doctrine\DBAL\DBALException.php(159): Doctrine\DBAL\DBALException::wrapException(Object(Doctrine\DBAL\Driver\Mysqli\Driver), Object(Doctrine\DBAL\Driver\Mysqli\Exception\StatementError), 'An exception oc...')
#2 C:\xampp\htdocs\planmynight\vendor\doctrine\dbal\lib\Doctrine\DBAL\Connection.php(2214): Doctrine\DBAL\DBALException::driverExceptionDuringQuery(Object(Doctrine\DBAL\Driver\Mysqli\Driver), Object(Doctrine\DBAL\Driver\Mysqli\Exception\StatementError), 'INSERT INTO use...', Array)
#3 C:\xampp\htdocs\planmynight\vendor\doctrine\dbal\lib\Doctrine\DBAL\Statement.php(183): Doctrine\DBAL\Connection->handleExceptionDuringQuery(Object(Doctrine\DBAL\Driver\Mysqli\Exception\StatementError), 'INSERT INTO use...', Array, Array)
#4 C:\xampp\htdocs\planmynight\vendor\doctrine\orm\lib\Doctrine\ORM\Persisters\Entity\BasicEntityPersister.php(287): Doctrine\DBAL\Statement->execute()
#5 C:\xampp\htdocs\planmynight\vendor\doctrine\orm\lib\Doctrine\ORM\UnitOfWork.php(1122): Doctrine\ORM\Persisters\Entity\BasicEntityPersister->executeInserts()
#6 C:\xampp\htdocs\planmynight\vendor\doctrine\orm\lib\Doctrine\ORM\UnitOfWork.php(423): Doctrine\ORM\UnitOfWork->executeInserts(Object(Doctrine\ORM\Mapping\ClassMetadata))
#7 C:\xampp\htdocs\planmynight\vendor\doctrine\orm\lib\Doctrine\ORM\EntityManager.php(378): Doctrine\ORM\UnitOfWork->commit(NULL)
#8 C:\xampp\htdocs\planmynight\app\Controllers\SignUp.php(47): Doctrine\ORM\EntityManager->flush()
#9 C:\xampp\htdocs\planmynight\vendor\codeigniter4\framework\system\CodeIgniter.php(931): App\Controllers\SignUp->submit()
#10 C:\xampp\htdocs\planmynight\vendor\codeigniter4\framework\system\CodeIgniter.php(439): CodeIgniter\CodeIgniter->runController(Object(App\Controllers\SignUp))
#11 C:\xampp\htdocs\planmynight\vendor\codeigniter4\framework\system\CodeIgniter.php(339): CodeIgniter\CodeIgniter->handleRequest(NULL, Object(Config\Cache), false)
#12 C:\xampp\htdocs\planmynight\public\index.php(36): CodeIgniter\CodeIgniter->run()
#13 C:\xampp\htdocs\planmynight\vendor\codeigniter4\framework\system\Commands\Server\rewrite.php(45): require_once('C:\\xampp\\htdocs...')
#14 {main}
CRITICAL - 2021-06-06 18:54:03 --> Call to undefined function CodeIgniter\locale_set_default()
#0 C:\xampp\htdocs\planmynight\vendor\codeigniter4\framework\system\bootstrap.php(157): CodeIgniter\CodeIgniter->initialize()
#1 C:\xampp\htdocs\planmynight\spark(45): require('C:\\xampp\\htdocs...')
#2 {main}
