CRITICAL - 2021-06-05 10:14:00 --> Invalid file: welcome_message123.php
#0 C:\xampp\htdocs\planmynight\vendor\codeigniter4\framework\system\View\View.php(213): CodeIgniter\Exceptions\FrameworkException::forInvalidFile('welcome_message...')
#1 C:\xampp\htdocs\planmynight\vendor\codeigniter4\framework\system\Common.php(1250): CodeIgniter\View\View->render('welcome_message...', Array, true)
#2 C:\xampp\htdocs\planmynight\app\Controllers\Home.php(9): view('welcome_message...')
#3 C:\xampp\htdocs\planmynight\vendor\codeigniter4\framework\system\CodeIgniter.php(931): App\Controllers\Home->index()
#4 C:\xampp\htdocs\planmynight\vendor\codeigniter4\framework\system\CodeIgniter.php(439): CodeIgniter\CodeIgniter->runController(Object(App\Controllers\Home))
#5 C:\xampp\htdocs\planmynight\vendor\codeigniter4\framework\system\CodeIgniter.php(339): CodeIgniter\CodeIgniter->handleRequest(NULL, Object(Config\Cache), false)
#6 C:\xampp\htdocs\planmynight\public\index.php(36): CodeIgniter\CodeIgniter->run()
#7 C:\xampp\htdocs\planmynight\vendor\codeigniter4\framework\system\Commands\Server\rewrite.php(45): require_once('C:\\xampp\\htdocs...')
#8 {main}
CRITICAL - 2021-06-05 10:16:23 --> Invalid file: welcome_message123.php
#0 C:\xampp\htdocs\planmynight\vendor\codeigniter4\framework\system\View\View.php(213): CodeIgniter\Exceptions\FrameworkException::forInvalidFile('welcome_message...')
#1 C:\xampp\htdocs\planmynight\vendor\codeigniter4\framework\system\Common.php(1250): CodeIgniter\View\View->render('welcome_message...', Array, true)
#2 C:\xampp\htdocs\planmynight\app\Controllers\Home.php(9): view('welcome_message...')
#3 C:\xampp\htdocs\planmynight\vendor\codeigniter4\framework\system\CodeIgniter.php(931): App\Controllers\Home->index()
#4 C:\xampp\htdocs\planmynight\vendor\codeigniter4\framework\system\CodeIgniter.php(439): CodeIgniter\CodeIgniter->runController(Object(App\Controllers\Home))
#5 C:\xampp\htdocs\planmynight\vendor\codeigniter4\framework\system\CodeIgniter.php(339): CodeIgniter\CodeIgniter->handleRequest(NULL, Object(Config\Cache), false)
#6 C:\xampp\htdocs\planmynight\public\index.php(36): CodeIgniter\CodeIgniter->run()
#7 C:\xampp\htdocs\planmynight\vendor\codeigniter4\framework\system\Commands\Server\rewrite.php(45): require_once('C:\\xampp\\htdocs...')
#8 {main}
CRITICAL - 2021-06-05 10:29:46 --> Invalid file: welcome_message123.php
#0 C:\xampp\htdocs\planmynight\vendor\codeigniter4\framework\system\View\View.php(213): CodeIgniter\Exceptions\FrameworkException::forInvalidFile('welcome_message...')
#1 C:\xampp\htdocs\planmynight\vendor\codeigniter4\framework\system\Common.php(1250): CodeIgniter\View\View->render('welcome_message...', Array, true)
#2 C:\xampp\htdocs\planmynight\app\Controllers\Home.php(9): view('welcome_message...')
#3 C:\xampp\htdocs\planmynight\vendor\codeigniter4\framework\system\CodeIgniter.php(931): App\Controllers\Home->index()
#4 C:\xampp\htdocs\planmynight\vendor\codeigniter4\framework\system\CodeIgniter.php(439): CodeIgniter\CodeIgniter->runController(Object(App\Controllers\Home))
#5 C:\xampp\htdocs\planmynight\vendor\codeigniter4\framework\system\CodeIgniter.php(339): CodeIgniter\CodeIgniter->handleRequest(NULL, Object(Config\Cache), false)
#6 C:\xampp\htdocs\planmynight\public\index.php(36): CodeIgniter\CodeIgniter->run()
#7 C:\xampp\htdocs\planmynight\vendor\codeigniter4\framework\system\Commands\Server\rewrite.php(45): require_once('C:\\xampp\\htdocs...')
#8 {main}
CRITICAL - 2021-06-05 16:09:38 --> Call to undefined function set_value()
#0 C:\xampp\htdocs\planmynight\vendor\codeigniter4\framework\system\View\View.php(230): include()
#1 C:\xampp\htdocs\planmynight\vendor\codeigniter4\framework\system\View\View.php(232): CodeIgniter\View\View->CodeIgniter\View\{closure}()
#2 C:\xampp\htdocs\planmynight\vendor\codeigniter4\framework\system\Common.php(1250): CodeIgniter\View\View->render('signupPage', Array, true)
#3 C:\xampp\htdocs\planmynight\app\Controllers\SignUp.php(17): view('signupPage', Array)
#4 C:\xampp\htdocs\planmynight\vendor\codeigniter4\framework\system\CodeIgniter.php(931): App\Controllers\SignUp->submit()
#5 C:\xampp\htdocs\planmynight\vendor\codeigniter4\framework\system\CodeIgniter.php(439): CodeIgniter\CodeIgniter->runController(Object(App\Controllers\SignUp))
#6 C:\xampp\htdocs\planmynight\vendor\codeigniter4\framework\system\CodeIgniter.php(339): CodeIgniter\CodeIgniter->handleRequest(NULL, Object(Config\Cache), false)
#7 C:\xampp\htdocs\planmynight\public\index.php(36): CodeIgniter\CodeIgniter->run()
#8 C:\xampp\htdocs\planmynight\vendor\codeigniter4\framework\system\Commands\Server\rewrite.php(45): require_once('C:\\xampp\\htdocs...')
#9 {main}
CRITICAL - 2021-06-05 18:15:53 --> Invalid file: mapView.php
#0 C:\xampp\htdocs\planmynight\vendor\codeigniter4\framework\system\View\View.php(213): CodeIgniter\Exceptions\FrameworkException::forInvalidFile('mapView.php')
#1 C:\xampp\htdocs\planmynight\vendor\codeigniter4\framework\system\Common.php(1250): CodeIgniter\View\View->render('mapView', Array, true)
#2 C:\xampp\htdocs\planmynight\app\Controllers\mapView.php(9): view('mapView')
#3 C:\xampp\htdocs\planmynight\vendor\codeigniter4\framework\system\CodeIgniter.php(931): App\Controllers\mapView->index()
#4 C:\xampp\htdocs\planmynight\vendor\codeigniter4\framework\system\CodeIgniter.php(439): CodeIgniter\CodeIgniter->runController(Object(App\Controllers\mapView))
#5 C:\xampp\htdocs\planmynight\vendor\codeigniter4\framework\system\CodeIgniter.php(339): CodeIgniter\CodeIgniter->handleRequest(NULL, Object(Config\Cache), false)
#6 C:\xampp\htdocs\planmynight\public\index.php(36): CodeIgniter\CodeIgniter->run()
#7 C:\xampp\htdocs\planmynight\vendor\codeigniter4\framework\system\Commands\Server\rewrite.php(45): require_once('C:\\xampp\\htdocs...')
#8 {main}
